[0m17:30:55.578178 [debug] [MainThread]: Sending event: {'category': 'dbt', 'action': 'invocation', 'label': 'start', 'context': [<snowplow_tracker.self_describing_json.SelfDescribingJson object at 0x000002B40D339010>, <snowplow_tracker.self_describing_json.SelfDescribingJson object at 0x000002B40F48FD90>, <snowplow_tracker.self_describing_json.SelfDescribingJson object at 0x000002B40F48F9D0>]}


============================== 17:30:55.584862 | 8f0e082e-2d60-4de0-9e47-e939db5f2e35 ==============================
[0m17:30:55.584862 [info ] [MainThread]: Running with dbt=1.11.8
[0m17:30:55.585687 [debug] [MainThread]: running dbt with arguments {'static_parser': 'True', 'no_print': 'None', 'version_check': 'True', 'target_path': 'None', 'warn_error_options': 'WarnErrorOptionsV2(error=[], warn=[], silence=[])', 'printer_width': '80', 'write_json': 'True', 'introspect': 'True', 'log_cache_events': 'False', 'empty': 'None', 'cache_selected_only': 'False', 'log_format': 'default', 'debug': 'False', 'fail_fast': 'False', 'profiles_dir': 'C:\\Users\\rdcal\\.dbt', 'send_anonymous_usage_stats': 'True', 'quiet': 'False', 'warn_error': 'None', 'partial_parse': 'True', 'indirect_selection': 'eager', 'invocation_command': 'dbt init ecommerce_olist', 'use_colors': 'True', 'use_experimental_parser': 'False', 'log_path': 'logs'}
[0m17:30:55.601777 [debug] [MainThread]: Starter project path: C:\Users\rdcal\Desktop\PORTFOLIO\project_2_ecommerce_analytics\.venv\Lib\site-packages\dbt\include\starter_project
[0m17:30:55.645634 [info ] [MainThread]: 
Your new dbt project "ecommerce_olist" was created!

For more information on how to configure the profiles.yml file,
please consult the dbt documentation here:

  https://docs.getdbt.com/docs/configure-your-profile

One more thing:

Need help? Don't hesitate to reach out to us via GitHub issues or on Slack:

  https://community.getdbt.com/

Happy modeling!

[0m17:30:55.646424 [info ] [MainThread]: Setting up your profile.
[0m17:35:27.998021 [info ] [MainThread]: Profile ecommerce_olist written to C:\Users\rdcal\.dbt\profiles.yml using target's profile_template.yml and your supplied values. Run 'dbt debug' to validate the connection.
[0m17:35:27.999413 [debug] [MainThread]: Command `dbt init` succeeded at 17:35:27.999265 after 272.64 seconds
[0m17:35:27.999711 [debug] [MainThread]: Sending event: {'category': 'dbt', 'action': 'invocation', 'label': 'end', 'context': [<snowplow_tracker.self_describing_json.SelfDescribingJson object at 0x000002B40F66C9D0>, <snowplow_tracker.self_describing_json.SelfDescribingJson object at 0x000002B40F532B10>, <snowplow_tracker.self_describing_json.SelfDescribingJson object at 0x000002B40E313CE0>]}
[0m17:35:27.999996 [debug] [MainThread]: Flushing usage events
[0m17:35:28.725155 [debug] [MainThread]: An error was encountered while trying to flush usage events
[0m17:36:00.359558 [debug] [MainThread]: Sending event: {'category': 'dbt', 'action': 'invocation', 'label': 'start', 'context': [<snowplow_tracker.self_describing_json.SelfDescribingJson object at 0x0000019C442B9010>, <snowplow_tracker.self_describing_json.SelfDescribingJson object at 0x0000019C4640FD90>, <snowplow_tracker.self_describing_json.SelfDescribingJson object at 0x0000019C4640F9D0>]}


============================== 17:36:00.364984 | 023f080c-84c7-4dc2-9d57-46cadda39d51 ==============================
[0m17:36:00.364984 [info ] [MainThread]: Running with dbt=1.11.8
[0m17:36:00.365823 [debug] [MainThread]: running dbt with arguments {'version_check': 'True', 'no_print': 'None', 'static_parser': 'True', 'target_path': 'None', 'warn_error_options': 'WarnErrorOptionsV2(error=[], warn=[], silence=[])', 'printer_width': '80', 'write_json': 'True', 'introspect': 'True', 'log_cache_events': 'False', 'empty': 'None', 'cache_selected_only': 'False', 'fail_fast': 'False', 'debug': 'False', 'log_format': 'default', 'partial_parse': 'True', 'send_anonymous_usage_stats': 'True', 'quiet': 'False', 'warn_error': 'None', 'profiles_dir': 'C:\\Users\\rdcal\\.dbt', 'use_colors': 'True', 'invocation_command': 'dbt debug', 'indirect_selection': 'eager', 'use_experimental_parser': 'False', 'log_path': 'logs'}
[0m17:36:00.380008 [info ] [MainThread]: dbt version: 1.11.8
[0m17:36:00.380716 [info ] [MainThread]: python version: 3.13.5
[0m17:36:00.381439 [info ] [MainThread]: python path: C:\Users\rdcal\Desktop\PORTFOLIO\project_2_ecommerce_analytics\.venv\Scripts\python.exe
[0m17:36:00.381985 [info ] [MainThread]: os info: Windows-11-10.0.26200-SP0
[0m17:36:00.438544 [info ] [MainThread]: Using profiles dir at C:\Users\rdcal\.dbt
[0m17:36:00.439301 [info ] [MainThread]: Using profiles.yml file at C:\Users\rdcal\.dbt\profiles.yml
[0m17:36:00.439876 [info ] [MainThread]: Using dbt_project.yml file at C:\Users\rdcal\Desktop\PORTFOLIO\project_2_ecommerce_analytics\dbt_project.yml
[0m17:36:00.440904 [info ] [MainThread]: adapter type: postgres
[0m17:36:00.441533 [info ] [MainThread]: adapter version: 1.10.0
[0m17:36:00.442072 [info ] [MainThread]: Configuration:
[0m17:36:00.442561 [info ] [MainThread]:   profiles.yml file [[32mOK found and valid[0m]
[0m17:36:00.443172 [info ] [MainThread]:   dbt_project.yml file [[31mERROR not found[0m]
[0m17:36:00.443704 [info ] [MainThread]: Required dependencies:
[0m17:36:00.444243 [debug] [MainThread]: Executing "git --help"
[0m17:36:00.483543 [debug] [MainThread]: STDOUT: "b"usage: git [-v | --version] [-h | --help] [-C <path>] [-c <name>=<value>]\n           [--exec-path[=<path>]] [--html-path] [--man-path] [--info-path]\n           [-p | --paginate | -P | --no-pager] [--no-replace-objects] [--no-lazy-fetch]\n           [--no-optional-locks] [--no-advice] [--bare] [--git-dir=<path>]\n           [--work-tree=<path>] [--namespace=<name>] [--config-env=<name>=<envvar>]\n           <command> [<args>]\n\nThese are common Git commands used in various situations:\n\nstart a working area (see also: git help tutorial)\n   clone      Clone a repository into a new directory\n   init       Create an empty Git repository or reinitialize an existing one\n\nwork on the current change (see also: git help everyday)\n   add        Add file contents to the index\n   mv         Move or rename a file, a directory, or a symlink\n   restore    Restore working tree files\n   rm         Remove files from the working tree and from the index\n\nexamine the history and state (see also: git help revisions)\n   bisect     Use binary search to find the commit that introduced a bug\n   diff       Show changes between commits, commit and working tree, etc\n   grep       Print lines matching a pattern\n   log        Show commit logs\n   show       Show various types of objects\n   status     Show the working tree status\n\ngrow, mark and tweak your common history\n   backfill   Download missing objects in a partial clone\n   branch     List, create, or delete branches\n   commit     Record changes to the repository\n   merge      Join two or more development histories together\n   rebase     Reapply commits on top of another base tip\n   reset      Reset current HEAD to the specified state\n   switch     Switch branches\n   tag        Create, list, delete or verify a tag object signed with GPG\n\ncollaborate (see also: git help workflows)\n   fetch      Download objects and refs from another repository\n   pull       Fetch from and integrate with another repository or a local branch\n   push       Update remote refs along with associated objects\n\n'git help -a' and 'git help -g' list available subcommands and some\nconcept guides. See 'git help <command>' or 'git help <concept>'\nto read about a specific subcommand or concept.\nSee 'git help git' for an overview of the system.\n""
[0m17:36:00.484424 [debug] [MainThread]: STDERR: "b''"
[0m17:36:00.484839 [info ] [MainThread]:  - git [[32mOK found[0m]

[0m17:36:00.485572 [info ] [MainThread]: Connection:
[0m17:36:00.486089 [info ] [MainThread]:   host: localhost
[0m17:36:00.486515 [info ] [MainThread]:   port: 5432
[0m17:36:00.487006 [info ] [MainThread]:   user: postgres
[0m17:36:00.487446 [info ] [MainThread]:   database: olist
[0m17:36:00.487904 [info ] [MainThread]:   schema: public
[0m17:36:00.488273 [info ] [MainThread]:   connect_timeout: 10
[0m17:36:00.488650 [info ] [MainThread]:   role: None
[0m17:36:00.489007 [info ] [MainThread]:   search_path: None
[0m17:36:00.489426 [info ] [MainThread]:   keepalives_idle: 0
[0m17:36:00.489854 [info ] [MainThread]:   sslmode: None
[0m17:36:00.490364 [info ] [MainThread]:   sslcert: None
[0m17:36:00.490993 [info ] [MainThread]:   sslkey: None
[0m17:36:00.491524 [info ] [MainThread]:   sslrootcert: None
[0m17:36:00.491971 [info ] [MainThread]:   application_name: dbt
[0m17:36:00.492359 [info ] [MainThread]:   retries: 1
[0m17:36:00.492970 [info ] [MainThread]: Registered adapter: postgres=1.10.0
[0m17:36:00.727914 [debug] [MainThread]: Acquiring new postgres connection 'debug'
[0m17:36:00.806362 [debug] [MainThread]: Using postgres connection "debug"
[0m17:36:00.806671 [debug] [MainThread]: On debug: select 1 as id
[0m17:36:00.806881 [debug] [MainThread]: Opening a new connection, currently in state init
[0m17:36:00.848820 [debug] [MainThread]: Postgres adapter: Got a retryable error when attempting to open a postgres connection.
1 attempts remaining. Retrying in 0 seconds.
Error:
connection to server at "localhost" (::1), port 5432 failed: FATAL:  password authentication failed for user "postgres"

[0m17:36:00.884537 [debug] [MainThread]: Postgres adapter: Error running SQL: select 1 as id
[0m17:36:00.885590 [debug] [MainThread]: Postgres adapter: Rolling back transaction.
[0m17:36:00.886297 [debug] [MainThread]: On debug: No close available on handle
[0m17:36:00.886978 [info ] [MainThread]:   Connection test: [[31mERROR[0m]

[0m17:36:00.887911 [info ] [MainThread]: [31m2 checks failed:[0m
[0m17:36:00.888544 [info ] [MainThread]: Project loading failed for the following reason:
 project path <C:\Users\rdcal\Desktop\PORTFOLIO\project_2_ecommerce_analytics\dbt_project.yml> not found

[0m17:36:00.889240 [info ] [MainThread]: dbt was unable to connect to the specified database.
The database returned the following error:

  >Database Error
  connection to server at "localhost" (::1), port 5432 failed: FATAL:  password authentication failed for user "postgres"
  

Check your database credentials and try again. For more information, visit:
https://docs.getdbt.com/docs/configure-your-profile


[0m17:36:00.890415 [debug] [MainThread]: Command `dbt debug` failed at 17:36:00.890259 after 0.74 seconds
[0m17:36:00.890751 [debug] [MainThread]: Connection 'debug' was properly closed.
[0m17:36:00.891069 [debug] [MainThread]: Sending event: {'category': 'dbt', 'action': 'invocation', 'label': 'end', 'context': [<snowplow_tracker.self_describing_json.SelfDescribingJson object at 0x0000019C4651EEA0>, <snowplow_tracker.self_describing_json.SelfDescribingJson object at 0x0000019C466C0CB0>, <snowplow_tracker.self_describing_json.SelfDescribingJson object at 0x0000019C46493790>]}
[0m17:36:00.891419 [debug] [MainThread]: Flushing usage events
[0m17:36:01.601689 [debug] [MainThread]: An error was encountered while trying to flush usage events
